[2024-01-09 01:29:26] app.ERROR: Class "AdminLinkWidgetController" not found in controllers/admin [] []
[2024-01-09 01:30:05] app.INFO: Exporting mail with theme modern for language Français (French) [] []
[2024-01-09 01:30:05] app.INFO: Core output folder: C:\wamp64\www\TestPrestashop/mails [] []
[2024-01-09 01:30:05] app.INFO: Modules output folder: C:\wamp64\www\TestPrestashop/modules/ [] []
[2024-01-09 01:30:26] app.INFO: Exporting mail with theme modern for language ‫العربية (Arabic) [] []
[2024-01-09 01:30:26] app.INFO: Core output folder: C:\wamp64\www\TestPrestashop/mails [] []
[2024-01-09 01:30:26] app.INFO: Modules output folder: C:\wamp64\www\TestPrestashop/modules/ [] []
[2024-01-11 22:13:52] request.CRITICAL: Uncaught PHP Exception Symfony\Component\Debug\Exception\FatalErrorException: "Error: Maximum execution time of 120 seconds exceeded" at C:\wamp64\www\TestPrestashop\vendor\mobiledetect\mobiledetectlib\Mobile_Detect.php line 1253 {"exception":"[object] (Symfony\\Component\\Debug\\Exception\\FatalErrorException(code: 0): Error: Maximum execution time of 120 seconds exceeded at C:\\wamp64\\www\\TestPrestashop\\vendor\\mobiledetect\\mobiledetectlib\\Mobile_Detect.php:1253)"} []
[2024-01-11 22:50:17] request.CRITICAL: Uncaught PHP Exception Symfony\Component\Filesystem\Exception\IOException: "Cannot rename "C:\wamp64\www\TestPrestashop\var\cache\prod\appF99A.tmp" to "C:\wamp64\www\TestPrestashop\var\cache\prod/appProdProjectContainerUrlGenerator.php"." at C:\wamp64\www\TestPrestashop\vendor\symfony\symfony\src\Symfony\Component\Filesystem\Filesystem.php line 289 {"exception":"[object] (Symfony\\Component\\Filesystem\\Exception\\IOException(code: 0): Cannot rename \"C:\\wamp64\\www\\TestPrestashop\\var\\cache\\prod\\appF99A.tmp\" to \"C:\\wamp64\\www\\TestPrestashop\\var\\cache\\prod/appProdProjectContainerUrlGenerator.php\". at C:\\wamp64\\www\\TestPrestashop\\vendor\\symfony\\symfony\\src\\Symfony\\Component\\Filesystem\\Filesystem.php:289)"} []
[2024-01-11 23:03:43] request.CRITICAL: Uncaught PHP Exception SmartyException: "unable to write file C:\wamp64\www\TestPrestashop\var\cache\prod\smarty\compile\eb\f1\dd\ebf1dd9028e86fc9ddd7c757f6a084e19172b08f_0.file.faviconbo.tpl.php" at C:\wamp64\www\TestPrestashop\vendor\smarty\smarty\libs\sysplugins\smarty_internal_runtime_writefile.php line 90 {"exception":"[object] (SmartyException(code: 0): unable to write file C:\\wamp64\\www\\TestPrestashop\\var\\cache\\prod\\smarty\\compile\\eb\\f1\\dd\\ebf1dd9028e86fc9ddd7c757f6a084e19172b08f_0.file.faviconbo.tpl.php at C:\\wamp64\\www\\TestPrestashop\\vendor\\smarty\\smarty\\libs\\sysplugins\\smarty_internal_runtime_writefile.php:90)"} []
